<?xml version="1.0" encoding="UTF-8"?>
<!-- Generated by org.testng.reporters.JUnitXMLReporter -->
<testsuite ignored="0" hostname="Imran" failures="0" tests="10" name="Default test" time="0.128" errors="0" timestamp="2022-12-16T22:37:11 IST">
  <testcase classname="testNG_Base.HomeLoan" name="Above5lLoan_home" time="0.012"/>
  <testcase classname="testNG_Base.HomeLoan" name="Below5lLoan_home" time="0.003"/>
  <testcase classname="testNG_Base.HomeLoan2" name="Above15lLoan_home" time="0.006"/>
  <testcase classname="testNG_Base.HomeLoan2" name="Below15lLoan_home" time="0.001"/>
  <testcase classname="testNG_Base.CarLoan" name="Above5lLoan" time="0.005"/>
  <testcase classname="testNG_Base.CarLoan" name="Below5lLoan" time="0.002"/>
  <testcase classname="testNG_Base.PersonalLoan" name="Above5lLoan" time="0.002"/>
  <testcase classname="testNG_Base.PersonalLoan" name="Below5lLoan" time="0.007"/>
  <testcase classname="testNG_Base.CarLoan2" name="Above15lLoan" time="0.003"/>
  <testcase classname="testNG_Base.CarLoan2" name="Near10lLoan" time="0.002"/>
</testsuite> <!-- Default test -->
