<?xml version="1.0" encoding="UTF-8"?>
<!-- Generated by org.testng.reporters.JUnitXMLReporter -->
<testsuite ignored="0" hostname="Imran" failures="0" tests="2" name="Default test" time="2.712" errors="0" timestamp="2023-12-03T17:50:44 IST">
  <testcase classname="testCase.Login_forgetPasswordtestcase$Login_forgetpasswordtestcase" name="Login_invalidtc" time="1.522"/>
  <testcase classname="testCase.Login_forgetPasswordtestcase$Login_forgetpasswordtestcase" name="Log_outtc" time="1.14"/>
</testsuite> <!-- Default test -->
