<?xml version="1.0" encoding="UTF-8"?>
<testng-results ignored="0" total="2" passed="2" failed="0" skipped="0">
  <reporter-output>
  </reporter-output>
  <suite started-at="2023-12-03T17:50:41 IST" name="Default suite" finished-at="2023-12-03T17:50:44 IST" duration-ms="2712">
    <groups>
    </groups>
    <test started-at="2023-12-03T17:50:41 IST" name="Default test" finished-at="2023-12-03T17:50:44 IST" duration-ms="2712">
      <class name="testCase.Login_forgetPasswordtestcase$Login_forgetpasswordtestcase">
        <test-method is-config="true" signature="launchbrowser()[pri:0, instance:testCase.Login_forgetPasswordtestcase$Login_forgetpasswordtestcase@17497425]" started-at="2023-12-03T17:50:35 IST" name="launchbrowser" finished-at="2023-12-03T17:50:41 IST" duration-ms="5678" status="PASS">
          <reporter-output>
          </reporter-output>
        </test-method> <!-- launchbrowser -->
        <test-method signature="Login_invalidtc()[pri:49, instance:testCase.Login_forgetPasswordtestcase$Login_forgetpasswordtestcase@17497425]" started-at="2023-12-03T17:50:41 IST" name="Login_invalidtc" finished-at="2023-12-03T17:50:43 IST" duration-ms="1522" status="PASS">
          <reporter-output>
          </reporter-output>
        </test-method> <!-- Login_invalidtc -->
        <test-method signature="Log_outtc()[pri:50, instance:testCase.Login_forgetPasswordtestcase$Login_forgetpasswordtestcase@17497425]" started-at="2023-12-03T17:50:43 IST" name="Log_outtc" finished-at="2023-12-03T17:50:44 IST" duration-ms="1140" status="PASS">
          <reporter-output>
          </reporter-output>
        </test-method> <!-- Log_outtc -->
      </class> <!-- testCase.Login_forgetPasswordtestcase$Login_forgetpasswordtestcase -->
    </test> <!-- Default test -->
  </suite> <!-- Default suite -->
</testng-results>
