<?xml version="1.0" encoding="UTF-8"?>
<!-- Generated by org.testng.reporters.JUnitXMLReporter -->
<testsuite ignored="0" hostname="Imran" failures="0" tests="4" name="CarLoanTest" time="0.027" errors="0" timestamp="2022-12-14T00:14:01 IST">
  <testcase classname="testNG_Base.CarLoan" name="Above5lLoan" time="0.003"/>
  <testcase classname="testNG_Base.CarLoan" name="Below5lLoan" time="0.006"/>
  <testcase classname="testNG_Base.CarLoan2" name="Above15lLoan" time="0.002"/>
  <testcase classname="testNG_Base.CarLoan2" name="Near10lLoan" time="0.002"/>
</testsuite> <!-- CarLoanTest -->
