<?xml version="1.0" encoding="UTF-8"?>
<!-- Generated by org.testng.reporters.JUnitXMLReporter -->
<testsuite ignored="0" hostname="Imran" failures="0" tests="4" name="HomeLoanTest" time="0.02" errors="0" timestamp="2022-12-14T00:14:01 IST">
  <testcase classname="testNG_Base.HomeLoan" name="Above5lLoan_home" time="0.001"/>
  <testcase classname="testNG_Base.HomeLoan" name="Below5lLoan_home" time="0.002"/>
  <testcase classname="testNG_Base.HomeLoan2" name="Above15lLoan_home" time="0.002"/>
  <testcase classname="testNG_Base.HomeLoan2" name="Below15lLoan_home" time="0.001"/>
</testsuite> <!-- HomeLoanTest -->
