<?xml version="1.0" encoding="UTF-8"?>
<!-- Generated by org.testng.reporters.JUnitXMLReporter -->
<testsuite ignored="4" hostname="Imran" failures="0" tests="4" name="Loan" time="0.08" errors="0" timestamp="2022-12-14T00:26:37 IST">
  <testcase classname="testNG.day3" name="carloanWebapp" time="0.007"/>
  <testcase classname="testNG.day3" name="carloanrestapi" time="0.009"/>
  <testcase classname="testNG.day4" name="homeloanWebapp" time="0.007"/>
  <testcase classname="testNG.day4" name="homeloanmobileapp" time="0.003"/>
  <testcase classname="testNG.day3" name="carloanmobileappm2" time="0.0">
    <ignored/>
  </testcase> <!-- carloanmobileappm2 -->
  <testcase classname="testNG.day4" name="homeloanrestapi" time="0.0">
    <ignored/>
  </testcase> <!-- homeloanrestapi -->
  <testcase classname="testNG.day3" name="carloanmobileapp" time="0.0">
    <ignored/>
  </testcase> <!-- carloanmobileapp -->
  <testcase classname="testNG.day3" name="carloanmobileappm1" time="0.0">
    <ignored/>
  </testcase> <!-- carloanmobileappm1 -->
</testsuite> <!-- Loan -->
