<?xml version="1.0" encoding="UTF-8"?>
<!-- Generated by org.testng.reporters.JUnitXMLReporter -->
<testsuite ignored="0" hostname="Imran" failures="0" tests="4" name="Test" time="0.083" errors="0" timestamp="2022-11-02T15:46:19 IST">
  <testcase classname="testNG_test.TestNGbasic" name="test1" time="0.011"/>
  <testcase classname="testNG_test.TestNGbasic" name="test2" time="0.004"/>
  <testcase classname="testNG_test.TestNGbasic2" name="test1" time="0.002"/>
  <testcase classname="testNG_test.TestNGbasic2" name="test2" time="0.001"/>
</testsuite> <!-- Test -->
