<?xml version="1.0" encoding="UTF-8"?>
<!-- Generated by org.testng.reporters.JUnitXMLReporter -->
<testsuite ignored="1" hostname="Imran" failures="0" tests="5" name="TestNg" time="0.1" errors="0" timestamp="2022-11-03T20:58:53 IST">
  <testcase classname="testNG.Day1" name="test2" time="0.012"/>
  <testcase classname="testNG.Day1" name="test3" time="0.002"/>
  <testcase classname="testNG.Day1" name="test1" time="0.002"/>
  <testcase classname="testNG.Day2" name="test1" time="0.002"/>
  <testcase classname="testNG.Day2" name="test2" time="0.002"/>
  <testcase classname="testNG.Day1" name="test4" time="0.0">
    <ignored/>
  </testcase> <!-- test4 -->
</testsuite> <!-- TestNg -->
