<?xml version="1.0" encoding="UTF-8"?>
<!-- Generated by org.testng.reporters.JUnitXMLReporter -->
<testsuite ignored="10" hostname="Imran" failures="0" tests="4" name="TestNg" time="0.083" errors="0" timestamp="2022-12-14T00:50:40 IST">
  <testcase classname="testNG.Day1" name="test2" time="0.009"/>
  <testcase classname="testNG.Day2" name="test2" time="0.001"/>
  <testcase classname="testNG.day3" name="carloanWebapp" time="0.002"/>
  <testcase classname="testNG.day4" name="homeloanWebapp" time="0.004"/>
  <testcase classname="testNG.Day2" name="test1" time="0.0">
    <ignored/>
  </testcase> <!-- test1 -->
  <testcase classname="testNG.day3" name="carloanmobileappm2" time="0.0">
    <ignored/>
  </testcase> <!-- carloanmobileappm2 -->
  <testcase classname="testNG.day3" name="carloanrestapi" time="0.0">
    <ignored/>
  </testcase> <!-- carloanrestapi -->
  <testcase classname="testNG.Day1" name="test1" time="0.0">
    <ignored/>
  </testcase> <!-- test1 -->
  <testcase classname="testNG.day4" name="homeloanmobileapp" time="0.0">
    <ignored/>
  </testcase> <!-- homeloanmobileapp -->
  <testcase classname="testNG.day4" name="homeloanrestapi" time="0.0">
    <ignored/>
  </testcase> <!-- homeloanrestapi -->
  <testcase classname="testNG.Day1" name="test4" time="0.0">
    <ignored/>
  </testcase> <!-- test4 -->
  <testcase classname="testNG.day3" name="carloanmobileappm1" time="0.0">
    <ignored/>
  </testcase> <!-- carloanmobileappm1 -->
  <testcase classname="testNG.day3" name="carloanmobileapp" time="0.0">
    <ignored/>
  </testcase> <!-- carloanmobileapp -->
  <testcase classname="testNG.Day1" name="test3" time="0.0">
    <ignored/>
  </testcase> <!-- test3 -->
</testsuite> <!-- TestNg -->
