<?xml version="1.0" encoding="UTF-8"?>
<testng-results ignored="0" total="10" passed="10" failed="0" skipped="0">
  <reporter-output>
  </reporter-output>
  <suite started-at="2022-12-16T22:37:11 IST" name="Default suite" finished-at="2022-12-16T22:37:11 IST" duration-ms="128">
    <groups>
    </groups>
    <test started-at="2022-12-16T22:37:11 IST" name="Default test" finished-at="2022-12-16T22:37:11 IST" duration-ms="128">
      <class name="testNG_Base.HomeLoan">
        <test-method signature="Above5lLoan_home()[pri:0, instance:testNG_Base.HomeLoan@4e268090]" started-at="2022-12-16T22:37:11 IST" name="Above5lLoan_home" finished-at="2022-12-16T22:37:11 IST" duration-ms="12" status="PASS">
          <reporter-output>
          </reporter-output>
        </test-method> <!-- Above5lLoan_home -->
        <test-method signature="Below5lLoan_home()[pri:0, instance:testNG_Base.HomeLoan@4e268090]" started-at="2022-12-16T22:37:11 IST" name="Below5lLoan_home" finished-at="2022-12-16T22:37:11 IST" duration-ms="3" status="PASS">
          <reporter-output>
          </reporter-output>
        </test-method> <!-- Below5lLoan_home -->
      </class> <!-- testNG_Base.HomeLoan -->
      <class name="testNG_Base.HomeLoan2">
        <test-method signature="Above15lLoan_home()[pri:0, instance:testNG_Base.HomeLoan2@4d910fd6]" started-at="2022-12-16T22:37:11 IST" name="Above15lLoan_home" finished-at="2022-12-16T22:37:11 IST" duration-ms="6" status="PASS">
          <reporter-output>
          </reporter-output>
        </test-method> <!-- Above15lLoan_home -->
        <test-method signature="Below15lLoan_home()[pri:0, instance:testNG_Base.HomeLoan2@4d910fd6]" started-at="2022-12-16T22:37:11 IST" name="Below15lLoan_home" finished-at="2022-12-16T22:37:11 IST" duration-ms="1" status="PASS">
          <reporter-output>
          </reporter-output>
        </test-method> <!-- Below15lLoan_home -->
      </class> <!-- testNG_Base.HomeLoan2 -->
      <class name="testNG_Base.CarLoan">
        <test-method signature="Above5lLoan()[pri:0, instance:testNG_Base.CarLoan@26275bef]" started-at="2022-12-16T22:37:11 IST" name="Above5lLoan" finished-at="2022-12-16T22:37:11 IST" duration-ms="5" status="PASS">
          <reporter-output>
          </reporter-output>
        </test-method> <!-- Above5lLoan -->
        <test-method signature="Below5lLoan()[pri:0, instance:testNG_Base.CarLoan@26275bef]" started-at="2022-12-16T22:37:11 IST" name="Below5lLoan" finished-at="2022-12-16T22:37:11 IST" duration-ms="2" status="PASS">
          <reporter-output>
          </reporter-output>
        </test-method> <!-- Below5lLoan -->
      </class> <!-- testNG_Base.CarLoan -->
      <class name="testNG_Base.PersonalLoan">
        <test-method signature="Above5lLoan()[pri:0, instance:testNG_Base.PersonalLoan@3246fb96]" started-at="2022-12-16T22:37:11 IST" name="Above5lLoan" finished-at="2022-12-16T22:37:11 IST" duration-ms="2" status="PASS">
          <reporter-output>
          </reporter-output>
        </test-method> <!-- Above5lLoan -->
        <test-method signature="Below5lLoan()[pri:0, instance:testNG_Base.PersonalLoan@3246fb96]" started-at="2022-12-16T22:37:11 IST" name="Below5lLoan" finished-at="2022-12-16T22:37:11 IST" duration-ms="7" status="PASS">
          <reporter-output>
          </reporter-output>
        </test-method> <!-- Below5lLoan -->
      </class> <!-- testNG_Base.PersonalLoan -->
      <class name="testNG_Base.CarLoan2">
        <test-method signature="Above15lLoan()[pri:0, instance:testNG_Base.CarLoan2@2e222612]" started-at="2022-12-16T22:37:11 IST" name="Above15lLoan" finished-at="2022-12-16T22:37:11 IST" duration-ms="3" status="PASS">
          <reporter-output>
          </reporter-output>
        </test-method> <!-- Above15lLoan -->
        <test-method signature="Near10lLoan()[pri:0, instance:testNG_Base.CarLoan2@2e222612]" started-at="2022-12-16T22:37:11 IST" name="Near10lLoan" finished-at="2022-12-16T22:37:11 IST" duration-ms="2" status="PASS">
          <reporter-output>
          </reporter-output>
        </test-method> <!-- Near10lLoan -->
      </class> <!-- testNG_Base.CarLoan2 -->
    </test> <!-- Default test -->
  </suite> <!-- Default suite -->
</testng-results>
