<?xml version="1.0" encoding="UTF-8"?>
<testng-results ignored="10" total="14" passed="4" failed="0" skipped="0">
  <reporter-output>
  </reporter-output>
  <suite started-at="2022-12-14T00:50:40 IST" name="Suite" finished-at="2022-12-14T00:50:40 IST" duration-ms="83">
    <groups>
      <group name="smoke">
        <method signature="Day1.test2(java.lang.String)[pri:0, instance:testNG.Day1@3a6bb9bf]" name="test2" class="testNG.Day1"/>
        <method signature="Day2.test2()[pri:0, instance:testNG.Day2@1a4013]" name="test2" class="testNG.Day2"/>
        <method signature="day3.carloanWebapp(java.lang.String)[pri:0, instance:testNG.day3@702b8b12]" name="carloanWebapp" class="testNG.day3"/>
        <method signature="day4.homeloanWebapp()[pri:0, instance:testNG.day4@22e357dc]" name="homeloanWebapp" class="testNG.day4"/>
      </group> <!-- smoke -->
    </groups>
    <test started-at="2022-12-14T00:50:40 IST" name="TestNg" finished-at="2022-12-14T00:50:40 IST" duration-ms="83">
      <class name="testNG.day3">
        <test-method signature="carloanWebapp(java.lang.String)[pri:0, instance:testNG.day3@702b8b12]" started-at="2022-12-14T00:50:40 IST" name="carloanWebapp" finished-at="2022-12-14T00:50:40 IST" duration-ms="2" status="PASS">
          <params>
            <param index="0">
              <value>
                <![CDATA[www.testNG.com]]>
              </value>
            </param>
          </params>
          <reporter-output>
          </reporter-output>
        </test-method> <!-- carloanWebapp -->
      </class> <!-- testNG.day3 -->
      <class name="testNG.day4">
        <test-method signature="homeloanWebapp()[pri:0, instance:testNG.day4@22e357dc]" started-at="2022-12-14T00:50:40 IST" name="homeloanWebapp" finished-at="2022-12-14T00:50:40 IST" duration-ms="4" status="PASS">
          <reporter-output>
          </reporter-output>
        </test-method> <!-- homeloanWebapp -->
      </class> <!-- testNG.day4 -->
      <class name="testNG.Day2">
        <test-method signature="test2()[pri:0, instance:testNG.Day2@1a4013]" started-at="2022-12-14T00:50:40 IST" name="test2" finished-at="2022-12-14T00:50:40 IST" duration-ms="1" status="PASS">
          <reporter-output>
          </reporter-output>
        </test-method> <!-- test2 -->
      </class> <!-- testNG.Day2 -->
      <class name="testNG.Day1">
        <test-method signature="test2(java.lang.String)[pri:0, instance:testNG.Day1@3a6bb9bf]" started-at="2022-12-14T00:50:40 IST" name="test2" finished-at="2022-12-14T00:50:40 IST" duration-ms="9" status="PASS">
          <params>
            <param index="0">
              <value>
                <![CDATA[www.testNG.com]]>
              </value>
            </param>
          </params>
          <reporter-output>
          </reporter-output>
        </test-method> <!-- test2 -->
      </class> <!-- testNG.Day1 -->
    </test> <!-- TestNg -->
  </suite> <!-- Suite -->
</testng-results>
